<test-run id="2" testcasecount="7" result="Passed" start-time="2022-05-09 19:11:18.316597" end-time="2022-05-09 19:11:39.319187" duration="21" total="7" passed="7" failed="0" inconclusive="0" skipped="0" asserts="0" clr-version="3.8.10 (tags/v3.8.10:3d8993a, May  3 2021, 11:48:03) [MSC v.1928 64 bit (AMD64)]" engine-version="3.6.2"><command-line>C:\hostedtoolcache\windows\Python\3.8.10\x64\lib\site-packages\pytest\__main__.py --cov pymeshfix --cov-report html</command-line><filter /><test-suite id="tests/test_pyx_meshfix.py" name="tests/test_pyx_meshfix.py" fullname="tests/test_pyx_meshfix.py" methodname="" classname="" runstate="Runnable" type="Assembly" testcasecount="6" result="Passed" label="" start-time="2022-05-09 19:11:19.619283" end-time="2022-05-09 19:11:34.984561" duration="15.365278" asserts="0" total="6" passed="6" failed="0" warnings="0" inconclusive="0" skipped="0"><properties><property name="python_version" value="3.8.10 (tags/v3.8.10:3d8993a, May  3 2021, 11:48:03) [MSC v.1928 64 bit (AMD64)]" /></properties><test-case id="100" name="tests/test_pyx_meshfix.py::test_load_and_save_file" fullname="tests/test_pyx_meshfix.py::test_load_and_save_file" methodname="test_load_and_save_file" classname="tests/test_pyx_meshfix.py" runstate="Runnable" seed="1" result="Passed" label="" start-time="2022-05-09 19:11:19.619283" end-time="2022-05-09 19:11:22.108293" duration="2.48901" asserts="0"><properties><property name="python-version" value="3.8.10 (tags/v3.8.10:3d8993a, May  3 2021, 11:48:03) [MSC v.1928 64 bit (AMD64)]" /><property name="fspath" value="tests/test_pyx_meshfix.py" /></properties><environment framework-version="3.6.2" clr-version="3.8.10 (tags/v3.8.10:3d8993a, May  3 2021, 11:48:03) [MSC v.1928 64 bit (AMD64)]" os-version="10" platform="Windows" cwd="D:\a\1\s\tests" machine-name="AMD64" user="" user-domain="" culture="en_US" uiculture="en_US" os-architecture="64bit" /><failure><message><![CDATA[]]></message><stack-trace><![CDATA[None]]></stack-trace></failure><reason><message><![CDATA[]]></message></reason><output><![CDATA[]]></output></test-case><test-case id="101" name="tests/test_pyx_meshfix.py::test_load_array" fullname="tests/test_pyx_meshfix.py::test_load_array" methodname="test_load_array" classname="tests/test_pyx_meshfix.py" runstate="Runnable" seed="1" result="Passed" label="" start-time="2022-05-09 19:11:22.112344" end-time="2022-05-09 19:11:24.109327" duration="1.996983" asserts="0"><properties><property name="python-version" value="3.8.10 (tags/v3.8.10:3d8993a, May  3 2021, 11:48:03) [MSC v.1928 64 bit (AMD64)]" /><property name="fspath" value="tests/test_pyx_meshfix.py" /></properties><environment framework-version="3.6.2" clr-version="3.8.10 (tags/v3.8.10:3d8993a, May  3 2021, 11:48:03) [MSC v.1928 64 bit (AMD64)]" os-version="10" platform="Windows" cwd="D:\a\1\s\tests" machine-name="AMD64" user="" user-domain="" culture="en_US" uiculture="en_US" os-architecture="64bit" /><failure><message><![CDATA[]]></message><stack-trace><![CDATA[None]]></stack-trace></failure><reason><message><![CDATA[]]></message></reason><output><![CDATA[]]></output></test-case><test-case id="102" name="tests/test_pyx_meshfix.py::test_clean" fullname="tests/test_pyx_meshfix.py::test_clean" methodname="test_clean" classname="tests/test_pyx_meshfix.py" runstate="Runnable" seed="1" result="Passed" label="" start-time="2022-05-09 19:11:24.110328" end-time="2022-05-09 19:11:28.059327" duration="3.948999" asserts="0"><properties><property name="python-version" value="3.8.10 (tags/v3.8.10:3d8993a, May  3 2021, 11:48:03) [MSC v.1928 64 bit (AMD64)]" /><property name="fspath" value="tests/test_pyx_meshfix.py" /></properties><environment framework-version="3.6.2" clr-version="3.8.10 (tags/v3.8.10:3d8993a, May  3 2021, 11:48:03) [MSC v.1928 64 bit (AMD64)]" os-version="10" platform="Windows" cwd="D:\a\1\s\tests" machine-name="AMD64" user="" user-domain="" culture="en_US" uiculture="en_US" os-architecture="64bit" /><failure><message><![CDATA[]]></message><stack-trace><![CDATA[None]]></stack-trace></failure><reason><message><![CDATA[]]></message></reason><output><![CDATA[]]></output></test-case><test-case id="103" name="tests/test_pyx_meshfix.py::test_fill_small_boundaries" fullname="tests/test_pyx_meshfix.py::test_fill_small_boundaries" methodname="test_fill_small_boundaries" classname="tests/test_pyx_meshfix.py" runstate="Runnable" seed="1" result="Passed" label="" start-time="2022-05-09 19:11:28.062331" end-time="2022-05-09 19:11:30.086386" duration="2.024055" asserts="0"><properties><property name="python-version" value="3.8.10 (tags/v3.8.10:3d8993a, May  3 2021, 11:48:03) [MSC v.1928 64 bit (AMD64)]" /><property name="fspath" value="tests/test_pyx_meshfix.py" /></properties><environment framework-version="3.6.2" clr-version="3.8.10 (tags/v3.8.10:3d8993a, May  3 2021, 11:48:03) [MSC v.1928 64 bit (AMD64)]" os-version="10" platform="Windows" cwd="D:\a\1\s\tests" machine-name="AMD64" user="" user-domain="" culture="en_US" uiculture="en_US" os-architecture="64bit" /><failure><message><![CDATA[]]></message><stack-trace><![CDATA[None]]></stack-trace></failure><reason><message><![CDATA[]]></message></reason><output><![CDATA[]]></output></test-case><test-case id="104" name="tests/test_pyx_meshfix.py::test_remove_components" fullname="tests/test_pyx_meshfix.py::test_remove_components" methodname="test_remove_components" classname="tests/test_pyx_meshfix.py" runstate="Runnable" seed="1" result="Passed" label="" start-time="2022-05-09 19:11:30.089395" end-time="2022-05-09 19:11:32.071347" duration="1.981952" asserts="0"><properties><property name="python-version" value="3.8.10 (tags/v3.8.10:3d8993a, May  3 2021, 11:48:03) [MSC v.1928 64 bit (AMD64)]" /><property name="fspath" value="tests/test_pyx_meshfix.py" /></properties><environment framework-version="3.6.2" clr-version="3.8.10 (tags/v3.8.10:3d8993a, May  3 2021, 11:48:03) [MSC v.1928 64 bit (AMD64)]" os-version="10" platform="Windows" cwd="D:\a\1\s\tests" machine-name="AMD64" user="" user-domain="" culture="en_US" uiculture="en_US" os-architecture="64bit" /><failure><message><![CDATA[]]></message><stack-trace><![CDATA[None]]></stack-trace></failure><reason><message><![CDATA[]]></message></reason><output><![CDATA[]]></output></test-case><test-case id="105" name="tests/test_pyx_meshfix.py::test_select_intersecting_triangles" fullname="tests/test_pyx_meshfix.py::test_select_intersecting_triangles" methodname="test_select_intersecting_triangles" classname="tests/test_pyx_meshfix.py" runstate="Runnable" seed="1" result="Passed" label="" start-time="2022-05-09 19:11:32.073373" end-time="2022-05-09 19:11:34.984561" duration="2.911188" asserts="0"><properties><property name="python-version" value="3.8.10 (tags/v3.8.10:3d8993a, May  3 2021, 11:48:03) [MSC v.1928 64 bit (AMD64)]" /><property name="fspath" value="tests/test_pyx_meshfix.py" /></properties><environment framework-version="3.6.2" clr-version="3.8.10 (tags/v3.8.10:3d8993a, May  3 2021, 11:48:03) [MSC v.1928 64 bit (AMD64)]" os-version="10" platform="Windows" cwd="D:\a\1\s\tests" machine-name="AMD64" user="" user-domain="" culture="en_US" uiculture="en_US" os-architecture="64bit" /><failure><message><![CDATA[]]></message><stack-trace><![CDATA[None]]></stack-trace></failure><reason><message><![CDATA[]]></message></reason><output><![CDATA[]]></output></test-case><environment framework-version="3.6.2" clr-version="3.8.10 (tags/v3.8.10:3d8993a, May  3 2021, 11:48:03) [MSC v.1928 64 bit (AMD64)]" os-version="10" platform="Windows" cwd="D:\a\1\s\tests" machine-name="AMD64" user="" user-domain="" culture="en_US" uiculture="en_US" os-architecture="64bit" /></test-suite><test-suite id="tests/test_withvtk.py" name="tests/test_withvtk.py" fullname="tests/test_withvtk.py" methodname="" classname="" runstate="Runnable" type="Assembly" testcasecount="1" result="Passed" label="" start-time="2022-05-09 19:11:34.986492" end-time="2022-05-09 19:11:39.009386" duration="4.022894" asserts="0" total="1" passed="1" failed="0" warnings="0" inconclusive="0" skipped="0"><properties><property name="python_version" value="3.8.10 (tags/v3.8.10:3d8993a, May  3 2021, 11:48:03) [MSC v.1928 64 bit (AMD64)]" /></properties><test-case id="106" name="tests/test_withvtk.py::test_repair_vtk" fullname="tests/test_withvtk.py::test_repair_vtk" methodname="test_repair_vtk" classname="tests/test_withvtk.py" runstate="Runnable" seed="1" result="Passed" label="" start-time="2022-05-09 19:11:34.986492" end-time="2022-05-09 19:11:39.009386" duration="4.022894" asserts="0"><properties><property name="python-version" value="3.8.10 (tags/v3.8.10:3d8993a, May  3 2021, 11:48:03) [MSC v.1928 64 bit (AMD64)]" /><property name="fspath" value="tests/test_withvtk.py" /></properties><environment framework-version="3.6.2" clr-version="3.8.10 (tags/v3.8.10:3d8993a, May  3 2021, 11:48:03) [MSC v.1928 64 bit (AMD64)]" os-version="10" platform="Windows" cwd="D:\a\1\s\tests" machine-name="AMD64" user="" user-domain="" culture="en_US" uiculture="en_US" os-architecture="64bit" /><failure><message><![CDATA[]]></message><stack-trace><![CDATA[None]]></stack-trace></failure><reason><message><![CDATA[]]></message></reason><output><![CDATA[]]></output></test-case><environment framework-version="3.6.2" clr-version="3.8.10 (tags/v3.8.10:3d8993a, May  3 2021, 11:48:03) [MSC v.1928 64 bit (AMD64)]" os-version="10" platform="Windows" cwd="D:\a\1\s\tests" machine-name="AMD64" user="" user-domain="" culture="en_US" uiculture="en_US" os-architecture="64bit" /></test-suite></test-run>