<test-run id="2" testcasecount="7" result="Passed" start-time="2022-05-09 15:15:54.418377" end-time="2022-05-09 15:16:08.490733" duration="14" total="7" passed="7" failed="0" inconclusive="0" skipped="0" asserts="0" clr-version="3.10.4 (tags/v3.10.4:9d38120, Mar 23 2022, 23:13:41) [MSC v.1929 64 bit (AMD64)]" engine-version="3.6.2"><command-line>C:\hostedtoolcache\windows\Python\3.10.4\x64\lib\site-packages\pytest\__main__.py --cov pymeshfix --cov-report html</command-line><filter /><test-suite id="tests/test_withvtk.py" name="tests/test_withvtk.py" fullname="tests/test_withvtk.py" methodname="" classname="" runstate="Runnable" type="Assembly" testcasecount="1" result="Passed" label="" start-time="2022-05-09 15:16:05.135224" end-time="2022-05-09 15:16:08.033327" duration="2.898103" asserts="0" total="1" passed="1" failed="0" warnings="0" inconclusive="0" skipped="0"><properties><property name="python_version" value="3.10.4 (tags/v3.10.4:9d38120, Mar 23 2022, 23:13:41) [MSC v.1929 64 bit (AMD64)]" /></properties><test-case id="106" name="tests/test_withvtk.py::test_repair_vtk" fullname="tests/test_withvtk.py::test_repair_vtk" methodname="test_repair_vtk" classname="tests/test_withvtk.py" runstate="Runnable" seed="1" result="Passed" label="" start-time="2022-05-09 15:16:05.135224" end-time="2022-05-09 15:16:08.033327" duration="2.898103" asserts="0"><properties><property name="python-version" value="3.10.4 (tags/v3.10.4:9d38120, Mar 23 2022, 23:13:41) [MSC v.1929 64 bit (AMD64)]" /><property name="fspath" value="tests/test_withvtk.py" /></properties><environment framework-version="3.6.2" clr-version="3.10.4 (tags/v3.10.4:9d38120, Mar 23 2022, 23:13:41) [MSC v.1929 64 bit (AMD64)]" os-version="10" platform="Windows" cwd="D:\a\1\s\tests" machine-name="AMD64" user="" user-domain="" culture="en_US" uiculture="en_US" os-architecture="64bit" /><failure><message><![CDATA[]]></message><stack-trace><![CDATA[None]]></stack-trace></failure><reason><message><![CDATA[]]></message></reason><output><![CDATA[]]></output></test-case><environment framework-version="3.6.2" clr-version="3.10.4 (tags/v3.10.4:9d38120, Mar 23 2022, 23:13:41) [MSC v.1929 64 bit (AMD64)]" os-version="10" platform="Windows" cwd="D:\a\1\s\tests" machine-name="AMD64" user="" user-domain="" culture="en_US" uiculture="en_US" os-architecture="64bit" /></test-suite><test-suite id="tests/test_pyx_meshfix.py" name="tests/test_pyx_meshfix.py" fullname="tests/test_pyx_meshfix.py" methodname="" classname="" runstate="Runnable" type="Assembly" testcasecount="6" result="Passed" label="" start-time="2022-05-09 15:15:55.492045" end-time="2022-05-09 15:16:05.134224" duration="9.642179" asserts="0" total="6" passed="6" failed="0" warnings="0" inconclusive="0" skipped="0"><properties><property name="python_version" value="3.10.4 (tags/v3.10.4:9d38120, Mar 23 2022, 23:13:41) [MSC v.1929 64 bit (AMD64)]" /></properties><test-case id="100" name="tests/test_pyx_meshfix.py::test_load_and_save_file" fullname="tests/test_pyx_meshfix.py::test_load_and_save_file" methodname="test_load_and_save_file" classname="tests/test_pyx_meshfix.py" runstate="Runnable" seed="1" result="Passed" label="" start-time="2022-05-09 15:15:55.492045" end-time="2022-05-09 15:15:57.241037" duration="1.748992" asserts="0"><properties><property name="python-version" value="3.10.4 (tags/v3.10.4:9d38120, Mar 23 2022, 23:13:41) [MSC v.1929 64 bit (AMD64)]" /><property name="fspath" value="tests/test_pyx_meshfix.py" /></properties><environment framework-version="3.6.2" clr-version="3.10.4 (tags/v3.10.4:9d38120, Mar 23 2022, 23:13:41) [MSC v.1929 64 bit (AMD64)]" os-version="10" platform="Windows" cwd="D:\a\1\s\tests" machine-name="AMD64" user="" user-domain="" culture="en_US" uiculture="en_US" os-architecture="64bit" /><failure><message><![CDATA[]]></message><stack-trace><![CDATA[None]]></stack-trace></failure><reason><message><![CDATA[]]></message></reason><output><![CDATA[]]></output></test-case><test-case id="101" name="tests/test_pyx_meshfix.py::test_load_array" fullname="tests/test_pyx_meshfix.py::test_load_array" methodname="test_load_array" classname="tests/test_pyx_meshfix.py" runstate="Runnable" seed="1" result="Passed" label="" start-time="2022-05-09 15:15:57.242036" end-time="2022-05-09 15:15:58.377524" duration="1.135488" asserts="0"><properties><property name="python-version" value="3.10.4 (tags/v3.10.4:9d38120, Mar 23 2022, 23:13:41) [MSC v.1929 64 bit (AMD64)]" /><property name="fspath" value="tests/test_pyx_meshfix.py" /></properties><environment framework-version="3.6.2" clr-version="3.10.4 (tags/v3.10.4:9d38120, Mar 23 2022, 23:13:41) [MSC v.1929 64 bit (AMD64)]" os-version="10" platform="Windows" cwd="D:\a\1\s\tests" machine-name="AMD64" user="" user-domain="" culture="en_US" uiculture="en_US" os-architecture="64bit" /><failure><message><![CDATA[]]></message><stack-trace><![CDATA[None]]></stack-trace></failure><reason><message><![CDATA[]]></message></reason><output><![CDATA[]]></output></test-case><test-case id="102" name="tests/test_pyx_meshfix.py::test_clean" fullname="tests/test_pyx_meshfix.py::test_clean" methodname="test_clean" classname="tests/test_pyx_meshfix.py" runstate="Runnable" seed="1" result="Passed" label="" start-time="2022-05-09 15:15:58.378525" end-time="2022-05-09 15:16:00.809760" duration="2.431235" asserts="0"><properties><property name="python-version" value="3.10.4 (tags/v3.10.4:9d38120, Mar 23 2022, 23:13:41) [MSC v.1929 64 bit (AMD64)]" /><property name="fspath" value="tests/test_pyx_meshfix.py" /></properties><environment framework-version="3.6.2" clr-version="3.10.4 (tags/v3.10.4:9d38120, Mar 23 2022, 23:13:41) [MSC v.1929 64 bit (AMD64)]" os-version="10" platform="Windows" cwd="D:\a\1\s\tests" machine-name="AMD64" user="" user-domain="" culture="en_US" uiculture="en_US" os-architecture="64bit" /><failure><message><![CDATA[]]></message><stack-trace><![CDATA[None]]></stack-trace></failure><reason><message><![CDATA[]]></message></reason><output><![CDATA[]]></output></test-case><test-case id="103" name="tests/test_pyx_meshfix.py::test_fill_small_boundaries" fullname="tests/test_pyx_meshfix.py::test_fill_small_boundaries" methodname="test_fill_small_boundaries" classname="tests/test_pyx_meshfix.py" runstate="Runnable" seed="1" result="Passed" label="" start-time="2022-05-09 15:16:00.810760" end-time="2022-05-09 15:16:02.014309" duration="1.203549" asserts="0"><properties><property name="python-version" value="3.10.4 (tags/v3.10.4:9d38120, Mar 23 2022, 23:13:41) [MSC v.1929 64 bit (AMD64)]" /><property name="fspath" value="tests/test_pyx_meshfix.py" /></properties><environment framework-version="3.6.2" clr-version="3.10.4 (tags/v3.10.4:9d38120, Mar 23 2022, 23:13:41) [MSC v.1929 64 bit (AMD64)]" os-version="10" platform="Windows" cwd="D:\a\1\s\tests" machine-name="AMD64" user="" user-domain="" culture="en_US" uiculture="en_US" os-architecture="64bit" /><failure><message><![CDATA[]]></message><stack-trace><![CDATA[None]]></stack-trace></failure><reason><message><![CDATA[]]></message></reason><output><![CDATA[]]></output></test-case><test-case id="104" name="tests/test_pyx_meshfix.py::test_remove_components" fullname="tests/test_pyx_meshfix.py::test_remove_components" methodname="test_remove_components" classname="tests/test_pyx_meshfix.py" runstate="Runnable" seed="1" result="Passed" label="" start-time="2022-05-09 15:16:02.015310" end-time="2022-05-09 15:16:03.300995" duration="1.285685" asserts="0"><properties><property name="python-version" value="3.10.4 (tags/v3.10.4:9d38120, Mar 23 2022, 23:13:41) [MSC v.1929 64 bit (AMD64)]" /><property name="fspath" value="tests/test_pyx_meshfix.py" /></properties><environment framework-version="3.6.2" clr-version="3.10.4 (tags/v3.10.4:9d38120, Mar 23 2022, 23:13:41) [MSC v.1929 64 bit (AMD64)]" os-version="10" platform="Windows" cwd="D:\a\1\s\tests" machine-name="AMD64" user="" user-domain="" culture="en_US" uiculture="en_US" os-architecture="64bit" /><failure><message><![CDATA[]]></message><stack-trace><![CDATA[None]]></stack-trace></failure><reason><message><![CDATA[]]></message></reason><output><![CDATA[]]></output></test-case><test-case id="105" name="tests/test_pyx_meshfix.py::test_select_intersecting_triangles" fullname="tests/test_pyx_meshfix.py::test_select_intersecting_triangles" methodname="test_select_intersecting_triangles" classname="tests/test_pyx_meshfix.py" runstate="Runnable" seed="1" result="Passed" label="" start-time="2022-05-09 15:16:03.301997" end-time="2022-05-09 15:16:05.134224" duration="1.832227" asserts="0"><properties><property name="python-version" value="3.10.4 (tags/v3.10.4:9d38120, Mar 23 2022, 23:13:41) [MSC v.1929 64 bit (AMD64)]" /><property name="fspath" value="tests/test_pyx_meshfix.py" /></properties><environment framework-version="3.6.2" clr-version="3.10.4 (tags/v3.10.4:9d38120, Mar 23 2022, 23:13:41) [MSC v.1929 64 bit (AMD64)]" os-version="10" platform="Windows" cwd="D:\a\1\s\tests" machine-name="AMD64" user="" user-domain="" culture="en_US" uiculture="en_US" os-architecture="64bit" /><failure><message><![CDATA[]]></message><stack-trace><![CDATA[None]]></stack-trace></failure><reason><message><![CDATA[]]></message></reason><output><![CDATA[]]></output></test-case><environment framework-version="3.6.2" clr-version="3.10.4 (tags/v3.10.4:9d38120, Mar 23 2022, 23:13:41) [MSC v.1929 64 bit (AMD64)]" os-version="10" platform="Windows" cwd="D:\a\1\s\tests" machine-name="AMD64" user="" user-domain="" culture="en_US" uiculture="en_US" os-architecture="64bit" /></test-suite></test-run>